<?xml version="1.0" encoding="UTF-8"?>
<!-- Generated by org.testng.reporters.JUnitXMLReporter -->
<testsuite ignored="2" hostname="Supakans-MBP" failures="0" tests="13" name="Default test" time="157.751" errors="0" timestamp="2022-12-06T16:44:09 EST">
  <testcase classname="test.PasswordValidationTest" name="invalidPasswordValidation" time="6.883"/>
  <testcase classname="test.PasswordValidationTest" name="invalidPasswordValidation" time="8.232"/>
  <testcase classname="test.PasswordValidationTest" name="invalidPasswordValidation" time="8.032"/>
  <testcase classname="test.PasswordValidationTest" name="invalidPasswordValidation" time="7.734"/>
  <testcase classname="test.PasswordValidationTest" name="invalidPasswordValidation" time="6.638"/>
  <testcase classname="test.PasswordValidationTest" name="invalidPasswordValidation" time="8.363"/>
  <testcase classname="test.PasswordValidationTest" name="invalidPasswordValidation" time="7.864"/>
  <testcase classname="test.PasswordValidationTest" name="invalidPasswordValidation" time="8.666"/>
  <testcase classname="test.PasswordValidationTest" name="invalidPasswordValidation" time="6.631"/>
  <testcase classname="test.PasswordValidationTest" name="invalidPasswordValidation" time="6.48"/>
  <testcase classname="test.PasswordValidationTest" name="invalidPasswordValidation" time="7.712"/>
  <testcase classname="test.PasswordValidationTest" name="invalidPasswordValidation" time="6.688"/>
  <testcase classname="test.PasswordValidationTest" name="invalidPasswordValidation" time="10.7"/>
  <testcase classname="test.PasswordValidationTest" name="passwordEncryted" time="0.0">
    <ignored/>
  </testcase> <!-- passwordEncryted -->
  <testcase classname="test.PasswordValidationTest" name="validPasswordValidation" time="0.0">
    <ignored/>
  </testcase> <!-- validPasswordValidation -->
</testsuite> <!-- Default test -->
