<?xml version="1.0" encoding="UTF-8"?>
<testng-results ignored="2" total="15" passed="13" failed="0" skipped="0">
  <reporter-output>
  </reporter-output>
  <suite started-at="2022-12-06T16:41:31 EST" name="Default suite" finished-at="2022-12-06T16:44:09 EST" duration-ms="157751">
    <groups>
    </groups>
    <test started-at="2022-12-06T16:41:31 EST" name="Default test" finished-at="2022-12-06T16:44:09 EST" duration-ms="157751">
      <class name="test.PasswordValidationTest">
        <test-method is-config="true" signature="setup()[pri:0, instance:test.PasswordValidationTest@70be0a2b]" started-at="2022-12-06T16:41:32 EST" name="setup" finished-at="2022-12-06T16:41:37 EST" duration-ms="5318" status="PASS">
          <reporter-output>
          </reporter-output>
        </test-method> <!-- setup -->
        <test-method signature="invalidPasswordValidation(java.lang.String)[pri:0, instance:test.PasswordValidationTest@70be0a2b]" started-at="2022-12-06T16:41:37 EST" name="invalidPasswordValidation" data-provider="invalidPasswords" finished-at="2022-12-06T16:41:44 EST" duration-ms="6883" status="PASS">
          <params>
            <param index="0">
              <value>
                <![CDATA[sdhsjfw]]>
              </value>
            </param>
          </params>
          <reporter-output>
          </reporter-output>
        </test-method> <!-- invalidPasswordValidation -->
        <test-method is-config="true" signature="quitDriver()[pri:0, instance:test.PasswordValidationTest@70be0a2b]" started-at="2022-12-06T16:41:44 EST" name="quitDriver" finished-at="2022-12-06T16:41:44 EST" duration-ms="80" status="PASS">
          <reporter-output>
          </reporter-output>
        </test-method> <!-- quitDriver -->
        <test-method is-config="true" signature="setup()[pri:0, instance:test.PasswordValidationTest@70be0a2b]" started-at="2022-12-06T16:41:44 EST" name="setup" finished-at="2022-12-06T16:41:49 EST" duration-ms="4215" status="PASS">
          <reporter-output>
          </reporter-output>
        </test-method> <!-- setup -->
        <test-method signature="invalidPasswordValidation(java.lang.String)[pri:0, instance:test.PasswordValidationTest@70be0a2b]" started-at="2022-12-06T16:41:49 EST" name="invalidPasswordValidation" data-provider="invalidPasswords" finished-at="2022-12-06T16:41:57 EST" duration-ms="8232" status="PASS">
          <params>
            <param index="0">
              <value>
                <![CDATA[sdhsjfww]]>
              </value>
            </param>
          </params>
          <reporter-output>
          </reporter-output>
        </test-method> <!-- invalidPasswordValidation -->
        <test-method is-config="true" signature="quitDriver()[pri:0, instance:test.PasswordValidationTest@70be0a2b]" started-at="2022-12-06T16:41:57 EST" name="quitDriver" finished-at="2022-12-06T16:41:57 EST" duration-ms="81" status="PASS">
          <reporter-output>
          </reporter-output>
        </test-method> <!-- quitDriver -->
        <test-method is-config="true" signature="setup()[pri:0, instance:test.PasswordValidationTest@70be0a2b]" started-at="2022-12-06T16:41:57 EST" name="setup" finished-at="2022-12-06T16:42:01 EST" duration-ms="4198" status="PASS">
          <reporter-output>
          </reporter-output>
        </test-method> <!-- setup -->
        <test-method signature="invalidPasswordValidation(java.lang.String)[pri:0, instance:test.PasswordValidationTest@70be0a2b]" started-at="2022-12-06T16:42:01 EST" name="invalidPasswordValidation" data-provider="invalidPasswords" finished-at="2022-12-06T16:42:09 EST" duration-ms="8032" status="PASS">
          <params>
            <param index="0">
              <value>
                <![CDATA[sdhsjfwww]]>
              </value>
            </param>
          </params>
          <reporter-output>
          </reporter-output>
        </test-method> <!-- invalidPasswordValidation -->
        <test-method is-config="true" signature="quitDriver()[pri:0, instance:test.PasswordValidationTest@70be0a2b]" started-at="2022-12-06T16:42:09 EST" name="quitDriver" finished-at="2022-12-06T16:42:09 EST" duration-ms="79" status="PASS">
          <reporter-output>
          </reporter-output>
        </test-method> <!-- quitDriver -->
        <test-method is-config="true" signature="setup()[pri:0, instance:test.PasswordValidationTest@70be0a2b]" started-at="2022-12-06T16:42:09 EST" name="setup" finished-at="2022-12-06T16:42:13 EST" duration-ms="4207" status="PASS">
          <reporter-output>
          </reporter-output>
        </test-method> <!-- setup -->
        <test-method signature="invalidPasswordValidation(java.lang.String)[pri:0, instance:test.PasswordValidationTest@70be0a2b]" started-at="2022-12-06T16:42:13 EST" name="invalidPasswordValidation" data-provider="invalidPasswords" finished-at="2022-12-06T16:42:21 EST" duration-ms="7734" status="PASS">
          <params>
            <param index="0">
              <value>
                <![CDATA[sdhsjfwwwwe]]>
              </value>
            </param>
          </params>
          <reporter-output>
          </reporter-output>
        </test-method> <!-- invalidPasswordValidation -->
        <test-method is-config="true" signature="quitDriver()[pri:0, instance:test.PasswordValidationTest@70be0a2b]" started-at="2022-12-06T16:42:21 EST" name="quitDriver" finished-at="2022-12-06T16:42:21 EST" duration-ms="79" status="PASS">
          <reporter-output>
          </reporter-output>
        </test-method> <!-- quitDriver -->
        <test-method is-config="true" signature="setup()[pri:0, instance:test.PasswordValidationTest@70be0a2b]" started-at="2022-12-06T16:42:21 EST" name="setup" finished-at="2022-12-06T16:42:25 EST" duration-ms="4193" status="PASS">
          <reporter-output>
          </reporter-output>
        </test-method> <!-- setup -->
        <test-method signature="invalidPasswordValidation(java.lang.String)[pri:0, instance:test.PasswordValidationTest@70be0a2b]" started-at="2022-12-06T16:42:25 EST" name="invalidPasswordValidation" data-provider="invalidPasswords" finished-at="2022-12-06T16:42:32 EST" duration-ms="6638" status="PASS">
          <params>
            <param index="0">
              <value>
                <![CDATA[sdhsjfwW]]>
              </value>
            </param>
          </params>
          <reporter-output>
          </reporter-output>
        </test-method> <!-- invalidPasswordValidation -->
        <test-method is-config="true" signature="quitDriver()[pri:0, instance:test.PasswordValidationTest@70be0a2b]" started-at="2022-12-06T16:42:32 EST" name="quitDriver" finished-at="2022-12-06T16:42:32 EST" duration-ms="78" status="PASS">
          <reporter-output>
          </reporter-output>
        </test-method> <!-- quitDriver -->
        <test-method is-config="true" signature="setup()[pri:0, instance:test.PasswordValidationTest@70be0a2b]" started-at="2022-12-06T16:42:32 EST" name="setup" finished-at="2022-12-06T16:42:36 EST" duration-ms="4146" status="PASS">
          <reporter-output>
          </reporter-output>
        </test-method> <!-- setup -->
        <test-method signature="invalidPasswordValidation(java.lang.String)[pri:0, instance:test.PasswordValidationTest@70be0a2b]" started-at="2022-12-06T16:42:36 EST" name="invalidPasswordValidation" data-provider="invalidPasswords" finished-at="2022-12-06T16:42:45 EST" duration-ms="8363" status="PASS">
          <params>
            <param index="0">
              <value>
                <![CDATA[?dhsjfwww]]>
              </value>
            </param>
          </params>
          <reporter-output>
          </reporter-output>
        </test-method> <!-- invalidPasswordValidation -->
        <test-method is-config="true" signature="quitDriver()[pri:0, instance:test.PasswordValidationTest@70be0a2b]" started-at="2022-12-06T16:42:45 EST" name="quitDriver" finished-at="2022-12-06T16:42:45 EST" duration-ms="81" status="PASS">
          <reporter-output>
          </reporter-output>
        </test-method> <!-- quitDriver -->
        <test-method is-config="true" signature="setup()[pri:0, instance:test.PasswordValidationTest@70be0a2b]" started-at="2022-12-06T16:42:45 EST" name="setup" finished-at="2022-12-06T16:42:49 EST" duration-ms="4199" status="PASS">
          <reporter-output>
          </reporter-output>
        </test-method> <!-- setup -->
        <test-method signature="invalidPasswordValidation(java.lang.String)[pri:0, instance:test.PasswordValidationTest@70be0a2b]" started-at="2022-12-06T16:42:49 EST" name="invalidPasswordValidation" data-provider="invalidPasswords" finished-at="2022-12-06T16:42:57 EST" duration-ms="7864" status="PASS">
          <params>
            <param index="0">
              <value>
                <![CDATA[*dhsjfwwwwe]]>
              </value>
            </param>
          </params>
          <reporter-output>
          </reporter-output>
        </test-method> <!-- invalidPasswordValidation -->
        <test-method is-config="true" signature="quitDriver()[pri:0, instance:test.PasswordValidationTest@70be0a2b]" started-at="2022-12-06T16:42:57 EST" name="quitDriver" finished-at="2022-12-06T16:42:57 EST" duration-ms="79" status="PASS">
          <reporter-output>
          </reporter-output>
        </test-method> <!-- quitDriver -->
        <test-method is-config="true" signature="setup()[pri:0, instance:test.PasswordValidationTest@70be0a2b]" started-at="2022-12-06T16:42:57 EST" name="setup" finished-at="2022-12-06T16:43:01 EST" duration-ms="4151" status="PASS">
          <reporter-output>
          </reporter-output>
        </test-method> <!-- setup -->
        <test-method signature="invalidPasswordValidation(java.lang.String)[pri:0, instance:test.PasswordValidationTest@70be0a2b]" started-at="2022-12-06T16:43:01 EST" name="invalidPasswordValidation" data-provider="invalidPasswords" finished-at="2022-12-06T16:43:10 EST" duration-ms="8666" status="PASS">
          <params>
            <param index="0">
              <value>
                <![CDATA[sdhSjfwwwweww]]>
              </value>
            </param>
          </params>
          <reporter-output>
          </reporter-output>
        </test-method> <!-- invalidPasswordValidation -->
        <test-method is-config="true" signature="quitDriver()[pri:0, instance:test.PasswordValidationTest@70be0a2b]" started-at="2022-12-06T16:43:10 EST" name="quitDriver" finished-at="2022-12-06T16:43:10 EST" duration-ms="79" status="PASS">
          <reporter-output>
          </reporter-output>
        </test-method> <!-- quitDriver -->
        <test-method is-config="true" signature="setup()[pri:0, instance:test.PasswordValidationTest@70be0a2b]" started-at="2022-12-06T16:43:10 EST" name="setup" finished-at="2022-12-06T16:43:14 EST" duration-ms="4155" status="PASS">
          <reporter-output>
          </reporter-output>
        </test-method> <!-- setup -->
        <test-method signature="invalidPasswordValidation(java.lang.String)[pri:0, instance:test.PasswordValidationTest@70be0a2b]" started-at="2022-12-06T16:43:14 EST" name="invalidPasswordValidation" data-provider="invalidPasswords" finished-at="2022-12-06T16:43:21 EST" duration-ms="6631" status="PASS">
          <params>
            <param index="0">
              <value>
                <![CDATA[1dhsjfw]]>
              </value>
            </param>
          </params>
          <reporter-output>
          </reporter-output>
        </test-method> <!-- invalidPasswordValidation -->
        <test-method is-config="true" signature="quitDriver()[pri:0, instance:test.PasswordValidationTest@70be0a2b]" started-at="2022-12-06T16:43:21 EST" name="quitDriver" finished-at="2022-12-06T16:43:21 EST" duration-ms="80" status="PASS">
          <reporter-output>
          </reporter-output>
        </test-method> <!-- quitDriver -->
        <test-method is-config="true" signature="setup()[pri:0, instance:test.PasswordValidationTest@70be0a2b]" started-at="2022-12-06T16:43:21 EST" name="setup" finished-at="2022-12-06T16:43:25 EST" duration-ms="4151" status="PASS">
          <reporter-output>
          </reporter-output>
        </test-method> <!-- setup -->
        <test-method signature="invalidPasswordValidation(java.lang.String)[pri:0, instance:test.PasswordValidationTest@70be0a2b]" started-at="2022-12-06T16:43:25 EST" name="invalidPasswordValidation" data-provider="invalidPasswords" finished-at="2022-12-06T16:43:31 EST" duration-ms="6480" status="PASS">
          <params>
            <param index="0">
              <value>
                <![CDATA[2dhsjfww]]>
              </value>
            </param>
          </params>
          <reporter-output>
          </reporter-output>
        </test-method> <!-- invalidPasswordValidation -->
        <test-method is-config="true" signature="quitDriver()[pri:0, instance:test.PasswordValidationTest@70be0a2b]" started-at="2022-12-06T16:43:31 EST" name="quitDriver" finished-at="2022-12-06T16:43:31 EST" duration-ms="77" status="PASS">
          <reporter-output>
          </reporter-output>
        </test-method> <!-- quitDriver -->
        <test-method is-config="true" signature="setup()[pri:0, instance:test.PasswordValidationTest@70be0a2b]" started-at="2022-12-06T16:43:31 EST" name="setup" finished-at="2022-12-06T16:43:35 EST" duration-ms="4159" status="PASS">
          <reporter-output>
          </reporter-output>
        </test-method> <!-- setup -->
        <test-method signature="invalidPasswordValidation(java.lang.String)[pri:0, instance:test.PasswordValidationTest@70be0a2b]" started-at="2022-12-06T16:43:35 EST" name="invalidPasswordValidation" data-provider="invalidPasswords" finished-at="2022-12-06T16:43:43 EST" duration-ms="7712" status="PASS">
          <params>
            <param index="0">
              <value>
                <![CDATA[U!@as334e#9$%]]>
              </value>
            </param>
          </params>
          <reporter-output>
          </reporter-output>
        </test-method> <!-- invalidPasswordValidation -->
        <test-method is-config="true" signature="quitDriver()[pri:0, instance:test.PasswordValidationTest@70be0a2b]" started-at="2022-12-06T16:43:43 EST" name="quitDriver" finished-at="2022-12-06T16:43:43 EST" duration-ms="79" status="PASS">
          <reporter-output>
          </reporter-output>
        </test-method> <!-- quitDriver -->
        <test-method is-config="true" signature="setup()[pri:0, instance:test.PasswordValidationTest@70be0a2b]" started-at="2022-12-06T16:43:43 EST" name="setup" finished-at="2022-12-06T16:43:47 EST" duration-ms="4150" status="PASS">
          <reporter-output>
          </reporter-output>
        </test-method> <!-- setup -->
        <test-method signature="invalidPasswordValidation(java.lang.String)[pri:0, instance:test.PasswordValidationTest@70be0a2b]" started-at="2022-12-06T16:43:47 EST" name="invalidPasswordValidation" data-provider="invalidPasswords" finished-at="2022-12-06T16:43:54 EST" duration-ms="6688" status="PASS">
          <params>
            <param index="0">
              <value>
                <![CDATA[!@as334444]]>
              </value>
            </param>
          </params>
          <reporter-output>
          </reporter-output>
        </test-method> <!-- invalidPasswordValidation -->
        <test-method is-config="true" signature="quitDriver()[pri:0, instance:test.PasswordValidationTest@70be0a2b]" started-at="2022-12-06T16:43:54 EST" name="quitDriver" finished-at="2022-12-06T16:43:54 EST" duration-ms="78" status="PASS">
          <reporter-output>
          </reporter-output>
        </test-method> <!-- quitDriver -->
        <test-method is-config="true" signature="setup()[pri:0, instance:test.PasswordValidationTest@70be0a2b]" started-at="2022-12-06T16:43:54 EST" name="setup" finished-at="2022-12-06T16:43:58 EST" duration-ms="4165" status="PASS">
          <reporter-output>
          </reporter-output>
        </test-method> <!-- setup -->
        <test-method signature="invalidPasswordValidation(java.lang.String)[pri:0, instance:test.PasswordValidationTest@70be0a2b]" started-at="2022-12-06T16:43:58 EST" name="invalidPasswordValidation" data-provider="invalidPasswords" finished-at="2022-12-06T16:44:09 EST" duration-ms="10700" status="PASS">
          <params>
            <param index="0">
              <value>
                <![CDATA[!#$@#UIUY]]>
              </value>
            </param>
          </params>
          <reporter-output>
          </reporter-output>
        </test-method> <!-- invalidPasswordValidation -->
        <test-method is-config="true" signature="quitDriver()[pri:0, instance:test.PasswordValidationTest@70be0a2b]" started-at="2022-12-06T16:44:09 EST" name="quitDriver" finished-at="2022-12-06T16:44:09 EST" duration-ms="79" status="PASS">
          <reporter-output>
          </reporter-output>
        </test-method> <!-- quitDriver -->
      </class> <!-- test.PasswordValidationTest -->
    </test> <!-- Default test -->
  </suite> <!-- Default suite -->
</testng-results>
